0 info it worked if it ends with ok
1 verbose cli [ '/usr/local/bin/node',
1 verbose cli   '/usr/local/bin/npm',
1 verbose cli   'run',
1 verbose cli   'babel-node',
1 verbose cli   'server.js' ]
2 info using npm@3.10.10
3 info using node@v6.11.2
4 verbose run-script [ 'prebabel-node', 'babel-node', 'postbabel-node' ]
5 info lifecycle react-init-project@1.0.0~prebabel-node: react-init-project@1.0.0
6 silly lifecycle react-init-project@1.0.0~prebabel-node: no script for prebabel-node, continuing
7 info lifecycle react-init-project@1.0.0~babel-node: react-init-project@1.0.0
8 verbose lifecycle react-init-project@1.0.0~babel-node: unsafe-perm in lifecycle true
9 verbose lifecycle react-init-project@1.0.0~babel-node: PATH: /usr/local/lib/node_modules/npm/bin/node-gyp-bin:/Users/TAWEESOFT/Documents/work/pse-nano-console-inventory-downloader/node_modules/.bin:/usr/local/lib/node_modules/npm/bin/node-gyp-bin:/Users/TAWEESOFT/Documents/work/pse-nano-console-inventory-downloader/node_modules/.bin:/usr/local/bin:/usr/bin:/bin:/usr/sbin:/sbin
10 verbose lifecycle react-init-project@1.0.0~babel-node: CWD: /Users/TAWEESOFT/Documents/work/pse-nano-console-inventory-downloader
11 silly lifecycle react-init-project@1.0.0~babel-node: Args: [ '-c', 'babel-node "server.js"' ]
12 silly lifecycle react-init-project@1.0.0~babel-node: Returned: code: 1  signal: null
13 info lifecycle react-init-project@1.0.0~babel-node: Failed to exec babel-node script
14 verbose stack Error: react-init-project@1.0.0 babel-node: `babel-node "server.js"`
14 verbose stack Exit status 1
14 verbose stack     at EventEmitter.<anonymous> (/usr/local/lib/node_modules/npm/lib/utils/lifecycle.js:255:16)
14 verbose stack     at emitTwo (events.js:106:13)
14 verbose stack     at EventEmitter.emit (events.js:191:7)
14 verbose stack     at ChildProcess.<anonymous> (/usr/local/lib/node_modules/npm/lib/utils/spawn.js:40:14)
14 verbose stack     at emitTwo (events.js:106:13)
14 verbose stack     at ChildProcess.emit (events.js:191:7)
14 verbose stack     at maybeClose (internal/child_process.js:891:16)
14 verbose stack     at Process.ChildProcess._handle.onexit (internal/child_process.js:226:5)
15 verbose pkgid react-init-project@1.0.0
16 verbose cwd /Users/TAWEESOFT/Documents/work/pse-nano-console-inventory-downloader
17 error Darwin 15.6.0
18 error argv "/usr/local/bin/node" "/usr/local/bin/npm" "run" "babel-node" "server.js"
19 error node v6.11.2
20 error npm  v3.10.10
21 error code ELIFECYCLE
22 error react-init-project@1.0.0 babel-node: `babel-node "server.js"`
22 error Exit status 1
23 error Failed at the react-init-project@1.0.0 babel-node script 'babel-node "server.js"'.
23 error Make sure you have the latest version of node.js and npm installed.
23 error If you do, this is most likely a problem with the react-init-project package,
23 error not with npm itself.
23 error Tell the author that this fails on your system:
23 error     babel-node "server.js"
23 error You can get information on how to open an issue for this project with:
23 error     npm bugs react-init-project
23 error Or if that isn't available, you can get their info via:
23 error     npm owner ls react-init-project
23 error There is likely additional logging output above.
24 verbose exit [ 1, true ]
